  [4;36;1mSQL (0.6ms)[0m   [0;1mSET NAMES 'utf8'[0m
  [4;35;1mSQL (0.3ms)[0m   [0mSET SQL_AUTO_IS_NULL=0[0m
  [4;36;1mSQL (1.1ms)[0m   [0;1mSHOW TABLES[0m
  [4;35;1mSQL (161.9ms)[0m   [0mCREATE TABLE `schema_migrations` (`version` varchar(255) NOT NULL) ENGINE=InnoDB[0m
  [4;36;1mSQL (0.7ms)[0m   [0;1mSHOW KEYS FROM `schema_migrations`[0m
  [4;35;1mSQL (1014.1ms)[0m   [0mCREATE UNIQUE INDEX `unique_schema_migrations` ON `schema_migrations` (`version`)[0m
  [4;36;1mSQL (0.4ms)[0m   [0;1mSHOW TABLES[0m
  [4;35;1mSQL (0.6ms)[0m   [0mSHOW TABLES[0m
  [4;36;1mSQL (0.3ms)[0m   [0;1mSELECT version FROM schema_migrations[0m
  [4;35;1mSQL (0.4ms)[0m   [0mSHOW TABLES[0m
  [4;36;1mSQL (0.2ms)[0m   [0;1mSET NAMES 'utf8'[0m
  [4;35;1mSQL (0.1ms)[0m   [0mSET SQL_AUTO_IS_NULL=0[0m
  [4;36;1mSQL (0.4ms)[0m   [0;1mSHOW TABLES[0m
  [4;35;1mSQL (0.4ms)[0m   [0mSHOW TABLES[0m
  [4;36;1mSQL (0.2ms)[0m   [0;1mSELECT version FROM schema_migrations[0m
  [4;35;1mSQL (0.2ms)[0m   [0mSHOW TABLES[0m
  [4;36;1mSQL (0.2ms)[0m   [0;1mSET NAMES 'utf8'[0m
  [4;35;1mSQL (0.1ms)[0m   [0mSET SQL_AUTO_IS_NULL=0[0m
  [4;36;1mSQL (0.4ms)[0m   [0;1mSHOW TABLES[0m
  [4;35;1mSQL (0.2ms)[0m   [0mSELECT version FROM schema_migrations[0m
Migrating to CreateAccounts (20110123115930)
  [4;36;1mSQL (87.0ms)[0m   [0;1mCREATE TABLE `accounts` (`id` int(11) DEFAULT NULL auto_increment PRIMARY KEY, `name` varchar(255), `title` varchar(255), `url` varchar(255), `created_at` datetime, `updated_at` datetime) ENGINE=InnoDB[0m
  [4;35;1mSQL (1.0ms)[0m   [0mINSERT INTO schema_migrations (version) VALUES ('20110123115930')[0m
  [4;36;1mSQL (0.5ms)[0m   [0;1mSHOW TABLES[0m
  [4;35;1mSQL (0.2ms)[0m   [0mSELECT version FROM schema_migrations[0m
  [4;36;1mSQL (0.3ms)[0m   [0;1mSHOW TABLES[0m
  [4;35;1mSQL (3.5ms)[0m   [0mSHOW FIELDS FROM `accounts`[0m
  [4;36;1mSQL (2.8ms)[0m   [0;1mdescribe `accounts`[0m
  [4;35;1mSQL (0.3ms)[0m   [0mSHOW KEYS FROM `accounts`[0m
  [4;36;1mSQL (0.2ms)[0m   [0;1mSET NAMES 'utf8'[0m
  [4;35;1mSQL (0.1ms)[0m   [0mSET SQL_AUTO_IS_NULL=0[0m


Processing AccountsController#index (for 127.0.0.1 at 2011-01-23 13:00:05) [GET]
  [4;36;1mAccount Load (0.5ms)[0m   [0;1mSELECT * FROM `accounts` [0m
Rendering template within layouts/accounts
Rendering accounts/index
Completed in 123ms (View: 118, DB: 1) | 200 OK [http://localhost/accounts]
  [4;35;1mSQL (0.1ms)[0m   [0mSET NAMES 'utf8'[0m
  [4;36;1mSQL (0.1ms)[0m   [0;1mSET SQL_AUTO_IS_NULL=0[0m


Processing AccountsController#new (for 127.0.0.1 at 2011-01-23 13:00:07) [GET]
  [4;35;1mAccount Columns (3.4ms)[0m   [0mSHOW FIELDS FROM `accounts`[0m
Rendering template within layouts/accounts
Rendering accounts/new
Completed in 25ms (View: 16, DB: 4) | 200 OK [http://localhost/accounts/new]
  [4;36;1mSQL (0.2ms)[0m   [0;1mSET NAMES 'utf8'[0m
  [4;35;1mSQL (0.1ms)[0m   [0mSET SQL_AUTO_IS_NULL=0[0m


Processing AccountsController#create (for 127.0.0.1 at 2011-01-23 13:00:16) [POST]
  Parameters: {"commit"=>"Create", "authenticity_token"=>"9UB6NTmMJ0EoyrKqWX8Au5FqMGweEkHZXAErD9T5Xrk=", "account"=>{"name"=>"Rune", "title"=>"hr.", "url"=>"rune.dk"}}
  [4;36;1mAccount Columns (3.0ms)[0m   [0;1mSHOW FIELDS FROM `accounts`[0m
  [4;35;1mSQL (0.1ms)[0m   [0mBEGIN[0m
  [4;36;1mAccount Create (0.4ms)[0m   [0;1mINSERT INTO `accounts` (`name`, `created_at`, `title`, `updated_at`, `url`) VALUES('Rune', '2011-01-23 12:00:16', 'hr.', '2011-01-23 12:00:16', 'rune.dk')[0m
  [4;35;1mSQL (0.8ms)[0m   [0mCOMMIT[0m
Redirected to http://localhost:3000/accounts/1
Completed in 14ms (DB: 5) | 302 Found [http://localhost/accounts]
  [4;36;1mSQL (0.1ms)[0m   [0;1mSET NAMES 'utf8'[0m
  [4;35;1mSQL (0.1ms)[0m   [0mSET SQL_AUTO_IS_NULL=0[0m


Processing AccountsController#show (for 127.0.0.1 at 2011-01-23 13:00:16) [GET]
  Parameters: {"id"=>"1"}
  [4;36;1mAccount Columns (2.6ms)[0m   [0;1mSHOW FIELDS FROM `accounts`[0m
  [4;35;1mAccount Load (0.4ms)[0m   [0mSELECT * FROM `accounts` WHERE (`accounts`.`id` = 1) [0m
Rendering template within layouts/accounts
Rendering accounts/show
Completed in 19ms (View: 10, DB: 3) | 200 OK [http://localhost/accounts/1]
  [4;36;1mSQL (0.1ms)[0m   [0;1mSET NAMES 'utf8'[0m
  [4;35;1mSQL (0.1ms)[0m   [0mSET SQL_AUTO_IS_NULL=0[0m


Processing AccountsController#index (for 127.0.0.1 at 2011-01-23 13:00:19) [GET]
  [4;36;1mAccount Load (0.4ms)[0m   [0;1mSELECT * FROM `accounts` [0m
Rendering template within layouts/accounts
Rendering accounts/index
  [4;35;1mAccount Columns (3.7ms)[0m   [0mSHOW FIELDS FROM `accounts`[0m
Completed in 16ms (View: 7, DB: 4) | 200 OK [http://localhost/accounts]
